[debug] [2022-08-08T11:25:19.058Z] ----------------------------------------------------------------------
[debug] [2022-08-08T11:25:19.060Z] Command:       C:\Program Files\nodejs\node.exe C:\Users\HP\AppData\Roaming\npm\node_modules\firebase-tools\lib\bin\firebase.js deploy
[debug] [2022-08-08T11:25:19.060Z] CLI Version:   11.4.2
[debug] [2022-08-08T11:25:19.060Z] Platform:      win32
[debug] [2022-08-08T11:25:19.060Z] Node Version:  v16.13.2
[debug] [2022-08-08T11:25:19.069Z] Time:          Mon Aug 08 2022 18:25:19 GMT+0700 (Indochina Time)
[debug] [2022-08-08T11:25:19.070Z] ----------------------------------------------------------------------
[debug] 
[debug] [2022-08-08T11:25:19.073Z] >>> [apiv2][query] GET https://firebase-public.firebaseio.com/cli.json [none]
[debug] [2022-08-08T11:25:19.278Z] > command requires scopes: ["email","openid","https://www.googleapis.com/auth/cloudplatformprojects.readonly","https://www.googleapis.com/auth/firebase","https://www.googleapis.com/auth/cloud-platform"]
[debug] [2022-08-08T11:25:19.278Z] > authorizing via signed-in user (dongduy0612@gmail.com)
[debug] [2022-08-08T11:25:19.278Z] [iam] checking project manager-student-52a76 for permissions ["firebase.projects.get","firebasehosting.sites.update"]
[debug] [2022-08-08T11:25:19.280Z] > refreshing access token with scopes: []
[debug] [2022-08-08T11:25:19.284Z] >>> [apiv2][query] POST https://www.googleapis.com/oauth2/v3/token [none]
[debug] [2022-08-08T11:25:19.284Z] >>> [apiv2][body] POST https://www.googleapis.com/oauth2/v3/token [omitted]
[debug] [2022-08-08T11:25:19.485Z] <<< [apiv2][status] POST https://www.googleapis.com/oauth2/v3/token 200
[debug] [2022-08-08T11:25:19.485Z] <<< [apiv2][body] POST https://www.googleapis.com/oauth2/v3/token [omitted]
[debug] [2022-08-08T11:25:19.513Z] >>> [apiv2][query] POST https://cloudresourcemanager.googleapis.com/v1/projects/manager-student-52a76:testIamPermissions [none]
[debug] [2022-08-08T11:25:19.516Z] >>> [apiv2][(partial)header] POST https://cloudresourcemanager.googleapis.com/v1/projects/manager-student-52a76:testIamPermissions x-goog-quota-user=projects/manager-student-52a76
[debug] [2022-08-08T11:25:19.518Z] >>> [apiv2][body] POST https://cloudresourcemanager.googleapis.com/v1/projects/manager-student-52a76:testIamPermissions {"permissions":["firebase.projects.get","firebasehosting.sites.update"]}
[debug] [2022-08-08T11:25:19.760Z] <<< [apiv2][status] GET https://firebase-public.firebaseio.com/cli.json 200
[debug] [2022-08-08T11:25:19.761Z] <<< [apiv2][body] GET https://firebase-public.firebaseio.com/cli.json {"cloudBuildErrorAfter":1594252800000,"cloudBuildWarnAfter":1590019200000,"defaultNode10After":1594252800000,"minVersion":"3.0.5","node8DeploysDisabledAfter":1613390400000,"node8RuntimeDisabledAfter":1615809600000,"node8WarnAfter":1600128000000}
[debug] [2022-08-08T11:25:20.528Z] <<< [apiv2][status] POST https://cloudresourcemanager.googleapis.com/v1/projects/manager-student-52a76:testIamPermissions 200
[debug] [2022-08-08T11:25:20.528Z] <<< [apiv2][body] POST https://cloudresourcemanager.googleapis.com/v1/projects/manager-student-52a76:testIamPermissions {"permissions":["firebase.projects.get","firebasehosting.sites.update"]}
[debug] [2022-08-08T11:25:20.530Z] >>> [apiv2][query] GET https://firebase.googleapis.com/v1beta1/projects/manager-student-52a76 [none]
[debug] [2022-08-08T11:25:20.873Z] <<< [apiv2][status] GET https://firebase.googleapis.com/v1beta1/projects/manager-student-52a76 200
[debug] [2022-08-08T11:25:20.873Z] <<< [apiv2][body] GET https://firebase.googleapis.com/v1beta1/projects/manager-student-52a76 {"projectId":"manager-student-52a76","projectNumber":"807398037767","displayName":"manager-student","name":"projects/manager-student-52a76","resources":{"hostingSite":"manager-student-52a76"},"state":"ACTIVE","etag":"1_1bcd8c3b-270f-474f-bfba-743d327ac243"}
[info] 
[info] === Deploying to 'manager-student-52a76'...
[info] 
[info] i  deploying hosting 
[debug] [2022-08-08T11:25:20.884Z] >>> [apiv2][query] GET https://firebase.googleapis.com/v1beta1/projects/manager-student-52a76 [none]
[debug] [2022-08-08T11:25:21.316Z] <<< [apiv2][status] GET https://firebase.googleapis.com/v1beta1/projects/manager-student-52a76 200
[debug] [2022-08-08T11:25:21.317Z] <<< [apiv2][body] GET https://firebase.googleapis.com/v1beta1/projects/manager-student-52a76 {"projectId":"manager-student-52a76","projectNumber":"807398037767","displayName":"manager-student","name":"projects/manager-student-52a76","resources":{"hostingSite":"manager-student-52a76"},"state":"ACTIVE","etag":"1_1bcd8c3b-270f-474f-bfba-743d327ac243"}
[debug] [2022-08-08T11:25:21.325Z] >>> [apiv2][query] POST https://firebasehosting.googleapis.com/v1beta1/projects/807398037767/sites/manager-student-52a76/versions [none]
[debug] [2022-08-08T11:25:21.325Z] >>> [apiv2][body] POST https://firebasehosting.googleapis.com/v1beta1/projects/807398037767/sites/manager-student-52a76/versions {"config":{"rewrites":[{"glob":"**","path":"/index.html"}]},"labels":{"deployment-tool":"cli-firebase"}}
[debug] [2022-08-08T11:25:22.933Z] <<< [apiv2][status] POST https://firebasehosting.googleapis.com/v1beta1/projects/807398037767/sites/manager-student-52a76/versions 200
[debug] [2022-08-08T11:25:22.934Z] <<< [apiv2][body] POST https://firebasehosting.googleapis.com/v1beta1/projects/807398037767/sites/manager-student-52a76/versions {"name":"projects/807398037767/sites/manager-student-52a76/versions/21b6459ee9a0fef3","status":"CREATED","config":{"rewrites":[{"glob":"**","path":"/index.html"}]},"labels":{"deployment-tool":"cli-firebase"}}
[info] i  hosting[manager-student-52a76]: beginning deploy... 
[info] i  hosting[manager-student-52a76]: found 14 files in build 
[debug] [2022-08-08T11:25:23.202Z] [hosting] uploading with 200 concurrency
[debug] [2022-08-08T11:25:23.236Z] [hosting] hash cache [YnVpbGQ] stored for 14 files
[debug] [2022-08-08T11:25:23.237Z] [hosting][hash queue][FINAL] {"max":4,"min":1,"avg":1,"active":0,"complete":14,"success":14,"errored":0,"retried":0,"total":14,"elapsed":8}
[debug] [2022-08-08T11:25:23.237Z] >>> [apiv2][query] POST https://firebasehosting.googleapis.com/v1beta1/projects/807398037767/sites/manager-student-52a76/versions/21b6459ee9a0fef3:populateFiles [none]
[debug] [2022-08-08T11:25:23.238Z] >>> [apiv2][body] POST https://firebasehosting.googleapis.com/v1beta1/projects/807398037767/sites/manager-student-52a76/versions/21b6459ee9a0fef3:populateFiles {"files":{"/asset-manifest.json":"378d1749afe045d229ccf08e631d740a05510e2cbb9223a94ee62d88531bceac","/favicon.ico":"eae62e993eb980ec8a25058c39d5a51feab118bd2100c4deebb2a9c158ec11f9","/index.html":"9eca92cd8665367959b0c28897f8398450a95f333f84ccbf8d77b7ffa91d2602","/logo192.png":"3ee59515172ee198f3be375979df15ac5345183e656720a381b8872b2a39dc8b","/logo512.png":"ee7e2f3fdb8209c4b6fd7bef6ba50d1b9dba30a25bb5c3126df057e1cb6f5331","/manifest.json":"aff3449bdc238776f5d6d967f19ec491b36aed5fb7f23ccff6500736fd58494a","/robots.txt":"bfe106a3fb878dc83461c86818bf74fc1bdc7f28538ba613cd3e775516ce8b49","/static/css/main.cd245ccb.css":"2af1c9c22ced11c45532c6d9adcf377d15a64695bac61b241e7e8e1729f04965","/static/css/main.cd245ccb.css.map":"2a7ece09c6b649e606dc0e33523c242987a44367e21cdb90a65cb1e643dc8b7b","/static/js/787.d6b69128.chunk.js":"4e93a802cddec908fa31fc740a84a9325cfd33a6f8a1e306fced75712310d471","/static/js/787.d6b69128.chunk.js.map":"0c110d165f7925ff48ea9e104cfeeea06dc02fa0bce39c5f8a48488e39bf0745","/static/js/main.53bc02a0.js":"225b7cd69e5730c7164dc712ae1c22a657cc372ddb65d6144c5b58ea7b9773d9","/static/js/main.53bc02a0.js.LICENSE.txt":"0165a4b6257a6cf511966fc6d59186e88c713a601d89102dcd80180fba20cbee","/static/js/main.53bc02a0.js.map":"95752da36861f5945ef533ac5af4cea6fdf4c77d245058a089a1381169bc4a2e"}}
[debug] [2022-08-08T11:25:24.497Z] <<< [apiv2][status] POST https://firebasehosting.googleapis.com/v1beta1/projects/807398037767/sites/manager-student-52a76/versions/21b6459ee9a0fef3:populateFiles 200
[debug] [2022-08-08T11:25:24.497Z] <<< [apiv2][body] POST https://firebasehosting.googleapis.com/v1beta1/projects/807398037767/sites/manager-student-52a76/versions/21b6459ee9a0fef3:populateFiles {"uploadUrl":"https://upload-firebasehosting.googleapis.com/upload/sites/manager-student-52a76/versions/21b6459ee9a0fef3/files"}
[debug] [2022-08-08T11:25:24.498Z] [hosting][populate queue][FINAL] {"max":1264,"min":1264,"avg":1264,"active":0,"complete":1,"success":1,"errored":0,"retried":0,"total":1,"elapsed":1264}
[debug] [2022-08-08T11:25:24.499Z] [hosting] uploads queued: 0
[debug] [2022-08-08T11:25:24.499Z] [hosting][upload queue][FINAL] {"max":0,"min":9999999999,"avg":0,"active":0,"complete":0,"success":0,"errored":0,"retried":0,"total":0,"elapsed":1659957924499}
[info] +  hosting[manager-student-52a76]: file upload complete 
[debug] [2022-08-08T11:25:24.503Z] [hosting] deploy completed after 1566ms
[debug] [2022-08-08T11:25:24.516Z] [
  {
    "config": {
      "public": "build",
      "ignore": [
        "firebase.json",
        "**/.*",
        "**/node_modules/**"
      ],
      "rewrites": [
        {
          "source": "**",
          "destination": "/index.html"
        }
      ],
      "site": "manager-student-52a76"
    },
    "site": "manager-student-52a76",
    "version": "projects/807398037767/sites/manager-student-52a76/versions/21b6459ee9a0fef3"
  }
]
[info] i  hosting[manager-student-52a76]: finalizing version... 
[debug] [2022-08-08T11:25:24.520Z] >>> [apiv2][query] PATCH https://firebasehosting.googleapis.com/v1beta1/projects/807398037767/sites/manager-student-52a76/versions/21b6459ee9a0fef3 updateMask=status%2Cconfig
[debug] [2022-08-08T11:25:24.520Z] >>> [apiv2][body] PATCH https://firebasehosting.googleapis.com/v1beta1/projects/807398037767/sites/manager-student-52a76/versions/21b6459ee9a0fef3 {"status":"FINALIZED","config":{"rewrites":[{"glob":"**","path":"/index.html"}]}}
[debug] [2022-08-08T11:25:25.731Z] <<< [apiv2][status] PATCH https://firebasehosting.googleapis.com/v1beta1/projects/807398037767/sites/manager-student-52a76/versions/21b6459ee9a0fef3 200
[debug] [2022-08-08T11:25:25.732Z] <<< [apiv2][body] PATCH https://firebasehosting.googleapis.com/v1beta1/projects/807398037767/sites/manager-student-52a76/versions/21b6459ee9a0fef3 {"name":"projects/807398037767/sites/manager-student-52a76/versions/21b6459ee9a0fef3","status":"FINALIZED","config":{"rewrites":[{"glob":"**","path":"/index.html"}]},"labels":{"deployment-tool":"cli-firebase"},"createTime":"2022-08-08T11:25:36.009819Z","createUser":{"email":"dongduy0612@gmail.com"},"finalizeTime":"2022-08-08T11:25:39.070727Z","finalizeUser":{"email":"dongduy0612@gmail.com"}}
[debug] [2022-08-08T11:25:25.732Z] [hosting] finalized version for manager-student-52a76:[object Object]
[info] +  hosting[manager-student-52a76]: version finalized 
[info] i  hosting[manager-student-52a76]: releasing new version... 
[debug] [2022-08-08T11:25:25.734Z] >>> [apiv2][query] POST https://firebasehosting.googleapis.com/v1beta1/projects/807398037767/sites/manager-student-52a76/releases versionName=projects%2F807398037767%2Fsites%2Fmanager-student-52a76%2Fversions%2F21b6459ee9a0fef3
[debug] [2022-08-08T11:25:25.734Z] >>> [apiv2][body] POST https://firebasehosting.googleapis.com/v1beta1/projects/807398037767/sites/manager-student-52a76/releases {"message":null}
[debug] [2022-08-08T11:25:27.049Z] <<< [apiv2][status] POST https://firebasehosting.googleapis.com/v1beta1/projects/807398037767/sites/manager-student-52a76/releases 200
[debug] [2022-08-08T11:25:27.050Z] <<< [apiv2][body] POST https://firebasehosting.googleapis.com/v1beta1/projects/807398037767/sites/manager-student-52a76/releases {"name":"projects/807398037767/sites/manager-student-52a76/releases/1659957939742936","version":{"name":"projects/807398037767/sites/manager-student-52a76/versions/21b6459ee9a0fef3","status":"FINALIZED","config":{"rewrites":[{"glob":"**","path":"/index.html"}]},"labels":{"deployment-tool":"cli-firebase"},"createTime":"2022-08-08T11:25:36.009819Z","createUser":{"email":"dongduy0612@gmail.com","imageUrl":"https://lh3.googleusercontent.com/a-/AFdZucpGgsCzAH2OD2U-Vr6hd5Naef9-l64LTWVx9Yqv_g"},"finalizeTime":"2022-08-08T11:25:39.070727Z","finalizeUser":{"email":"dongduy0612@gmail.com","imageUrl":"https://lh3.googleusercontent.com/a-/AFdZucpGgsCzAH2OD2U-Vr6hd5Naef9-l64LTWVx9Yqv_g"}},"type":"DEPLOY","releaseTime":"2022-08-08T11:25:39.742936551Z","releaseUser":{"email":"dongduy0612@gmail.com","imageUrl":"https://lh3.googleusercontent.com/a-/AFdZucpGgsCzAH2OD2U-Vr6hd5Naef9-l64LTWVx9Yqv_g"}}
[debug] [2022-08-08T11:25:27.050Z] [hosting] release: {"name":"projects/807398037767/sites/manager-student-52a76/releases/1659957939742936","version":{"name":"projects/807398037767/sites/manager-student-52a76/versions/21b6459ee9a0fef3","status":"FINALIZED","config":{"rewrites":[{"glob":"**","path":"/index.html"}]},"labels":{"deployment-tool":"cli-firebase"},"createTime":"2022-08-08T11:25:36.009819Z","createUser":{"email":"dongduy0612@gmail.com","imageUrl":"https://lh3.googleusercontent.com/a-/AFdZucpGgsCzAH2OD2U-Vr6hd5Naef9-l64LTWVx9Yqv_g"},"finalizeTime":"2022-08-08T11:25:39.070727Z","finalizeUser":{"email":"dongduy0612@gmail.com","imageUrl":"https://lh3.googleusercontent.com/a-/AFdZucpGgsCzAH2OD2U-Vr6hd5Naef9-l64LTWVx9Yqv_g"}},"type":"DEPLOY","releaseTime":"2022-08-08T11:25:39.742936551Z","releaseUser":{"email":"dongduy0612@gmail.com","imageUrl":"https://lh3.googleusercontent.com/a-/AFdZucpGgsCzAH2OD2U-Vr6hd5Naef9-l64LTWVx9Yqv_g"}}
[info] +  hosting[manager-student-52a76]: release complete 
[info] 
[info] +  Deploy complete! 
[info] 
[info] Project Console: https://console.firebase.google.com/project/manager-student-52a76/overview
[info] Hosting URL: https://manager-student-52a76.web.app
[debug] [2022-08-08T11:25:27.356Z] Error: EBUSY: resource busy or locked, unlink 'E:\react-manager-student\firebase-debug.log'
    at Object.unlinkSync (node:fs:1718:3)
    at process.<anonymous> (C:\Users\HP\AppData\Roaming\npm\node_modules\firebase-tools\lib\bin\firebase.js:86:12)
    at process.emit (node:events:402:35)
    at process.exit (node:internal/process/per_thread:184:15)
    at C:\Users\HP\AppData\Roaming\npm\node_modules\firebase-tools\lib\command.js:89:92
    at processTicksAndRejections (node:internal/process/task_queues:96:5)
[error] 
[error] Error: An unexpected error has occurred.
